  test case calcite dissolution and dolomite precip                             

 unit of mass is kilogram          unit of length is meter
 unit of time is second            unit of electrical potential is volt
 unit of temperature is celsius    unit of heat is joule
 exception: units for standard enthaply of reaction (input by user) are kJ/mol
 itype,idynam,idismdl            0            1            0
 in1,in2         1000        50000
 nxmax,xmax,gc,rw           51    2.000000000000000      
    10.70000000000000        0.0000000000000000     
            6    1.000000000000000         100.0000000000000      
    1000.000000000000         10000.00000000000         21000.00000000000      
    30000.00000000000     
                   7         8         3         3         0         0         5
 this simulation is isothermal, temperature =  25.

 number of print outs =   6    given at the following times:
     1.00E+00 1.00E+02 1.00E+03 1.00E+04 2.10E+04 3.00E+04

 err=  1.00E-08     dtmult= 1.50     dtdiv= 1.20
 iterm=  90     iterj=   5     iterd=  90     ndiv=  90

    7 basis species          initial conditions       boundary conditions
                charge       type       value         type       value
      Ca++        2.          2      1.2390E-04          1      1.0000E-40          3      2.4600E-04          1      1.0000E-20
      CO3--      -2.          1      3.4696E-05          1      1.0000E-40          3      2.4600E-04          1      1.0000E-20
      Mg++        2.          1      1.0000E-30          1      1.0000E-03          3      1.0000E-20          1      1.0000E-03
      Cl-        -1.          1      1.0000E-30          1      2.0000E-03          1      1.0000E-20          1      2.0000E-03
      OH-        -1.          1      7.9400E-05          1      1.8000E-07          3     -6.0000E-06          1      1.2000E-07
      H2O         0.          1      5.5000E+01          1      5.5000E+01          1      5.5000E+01          1      1.2000E-07
      zzz         0.          1      1.0000E-15          1      1.0000E-15          1      1.0000E-15          1      1.0000E-15

    8 complexes
                charge            stoichiometry
      H+          1.      0    0    0    0   -1    0    0
      CaCO3aq     0.      1    1    0    0    0    0    0
      MgCO3aq     0.      0    1    1    0    0    0    0
      HCO3-      -1.      0    1    0    0   -1    0    0
      H2CO3aq     0.      0    1    0    0   -2    0    0
      CH4_aq      0.      0    1    0    0   -2    0    0
      H2_aq       0.      0    1    0    0   -2    0    0
      O2_aq       0.      0    1    0    0   -2    0    0

    3 solids
                     stoichiometry
 grafi(s)     1-0.84700E+01 0.00000E+00 0.00000E+00 0.00000E+00                                                15
 grafi(s)     1-0.84700E+01 0.00000E+00 0.00000E+00 0.00000E+00
              0    1    0    0    0    0    0
 0.00E+00 0.00E+00 0.00E+00 0.00E+00 0.10E+07 0.10E+03 0.10E+01
 ikin =             0
      grafi(s)      0    1    0    0    0    0    0
 CaCO3(s)     1-0.84700E+01 0.00000E+00 0.00000E+00 0.00000E+00                                                16
 CaCO3(s)     1-0.84700E+01 0.00000E+00 0.00000E+00 0.00000E+00
              1    1    0    0    0    0    0
 0.20E-04 0.00E+00 0.00E+00 0.00E+00 0.10E+07 0.10E+03 0.10E+01
 ikin =             0
      CaCO3(s)      1    1    0    0    0    0    0
 CaMgCO32s    1-0.17170E+02 0.00000E+00 0.00000E+00 0.00000E+00                                                17
 CaMgCO32s    1-0.17170E+02 0.00000E+00 0.00000E+00 0.00000E+00
              1    2    1    0    0    0    0
 0.00E+00 0.00E+00 0.00E+00 0.00E+00 0.10E+07 0.33E+02 0.10E+01
 ikin =             0
      CaMgCO32s     1    2    1    0    0    0    0

                boundary or influx conditions
                        temp =  25.00
                     total           basis         activity
     basis       aqueous conc.  concentration    coefficient
      Ca++        1.0000E-40     1.0000E-40        0.3991    
      CO3--       1.0834E-37     1.0000E-40        0.3991    
      Mg++        1.0000E-03     1.0000E-03        0.3991    
      Cl-         2.0000E-03     2.0000E-03        0.7948    
      OH-         9.2057E-08     1.8000E-07        0.7948    
      H2O         5.5000E+01     5.5000E+01         1.000    
      zzz         1.0000E-15     1.0000E-15         1.000    
      H+              1.         8.7943E-08
      CaCO3aq         0.         2.6736E-78
      MgCO3aq         0.         1.5244E-41
      HCO3-          -1.         7.0025E-38
      H2CO3aq         0.         9.5495E-39
      CH4_aq          0.         9.5495E-39
      H2_aq           0.         9.5495E-39
      O2_aq           0.         9.5495E-39
     solids     equivalent moles/liter solution
      grafi(s)    0.0000E+00
      CaCO3(s)    0.0000E+00
      CaMgCO32s   0.0000E+00

                boundary or influx conditions
                        temp =  25.00
                     total           basis         activity
     basis       aqueous conc.  concentration    coefficient
      Ca++        1.2390E-04     1.1814E-04        0.9153    
      CO3--       1.2398E-04     3.4696E-05        0.9153    
      Mg++        1.0278E-30     1.0000E-30        0.9153    
      Cl-         1.0000E-30     1.0000E-30        0.9781    
      OH-        -4.2190E-06     7.9400E-05        0.9781    
      H2O         5.5000E+01     5.5000E+01         1.000    
      zzz         1.0000E-15     1.0000E-15         1.000    
      H+              1.         1.3165E-10
      CaCO3aq         0.         5.7644E-06
      MgCO3aq         0.         2.7821E-32
      HCO3-          -1.         8.3413E-05
      H2CO3aq         0.         2.5788E-08
      CH4_aq          0.         2.5788E-08
      H2_aq           0.         2.5788E-08
      O2_aq           0.         2.5788E-08
     solids     equivalent moles/liter solution
      grafi(s)    0.0000E+00
      CaCO3(s)    2.0000E-04
      CaMgCO32s   0.0000E+00
