 node2 and rest
0.649302300693E-05 0.124506970452E-03 0.288395526320E-08 0.971373316631E-07 0.224118005234E-07 0.373813973826E-04 0.871002985994E-04 0.000000000000E+00 0.200000002337E-06 0.000000000000E+00 0.999999833228E-05 0.871452417594E-04 0.119558356270E-09 0.553417610860E+02 0.000000000000E+00 0.199999994905E-03 0.000000000000E+00
0.330999988364E-03 0.330999988364E-03 0.200000002337E-06 0.110683696418E+03 0.100000001169E-06 0.553428612088E+02 0.000000000000E+00
 end node 2 and rest
  bn n=2  
0.12E-03 0.37E-04 0.97E-07 0.20E-06 0.87E-04 0.55E+02 0.10E-14
  cn n=2  
0.12E-09 0.65E-05 0.29E-08 0.87E-04 0.22E-07 0.00E+00 0.00E+00 0.10E-04
  pn n=2  
0.00E+00 0.20E-03 0.00E+00
  2 p_xDc(ib) 
0.65E-05 0.12E-03 0.29E-08 0.97E-07 0.22E-07 0.37E-04 0.87E-04 0.00E+00 0.20E-06 0.00E+00 0.10E-04 0.87E-04 0.12E-09
0.55E+02 0.00E+00 0.20E-03 0.00E+00
  end of initial calc 
 node           2 vor transport
 DCb
0.649302E-05 0.124507E-03 0.288396E-08 0.971373E-07 0.224118E-07 0.373814E-04 0.871003E-04 0.000000E+00 0.200000E-06 0.000000E+00 0.100000E-04 0.871452E-04 0.119558E-09 0.553418E+02 0.000000E+00 0.200000E-03 0.000000E+00
 node           2 vor GEMS
 DCb
0.649302E-05 0.124507E-03 0.288396E-08 0.971373E-07 0.224118E-07 0.373814E-04 0.871003E-04 0.000000E+00 0.200000E-06 0.000000E+00 0.100000E-04 0.871452E-04 0.119558E-09 0.553418E+02 0.000000E+00 0.200000E-03 0.000000E+00
 ICb
0.331000009650E-03 0.330999988364E-03 0.200000002337E-06 0.110683696418E+03 0.100021286926E-06 0.553428612089E+02 0.000000000000E+00
